0 info it worked if it ends with ok
1 verbose cli [ '/Users/kpryzk/.nvm/versions/node/v6.11.4/bin/node',
1 verbose cli   '/Users/kpryzk/.nvm/versions/node/v6.11.4/bin/npm',
1 verbose cli   'run',
1 verbose cli   'test' ]
2 info using npm@3.10.10
3 info using node@v6.11.4
4 verbose run-script [ 'pretest', 'test', 'posttest' ]
5 info lifecycle sluggram@1.0.0~pretest: sluggram@1.0.0
6 silly lifecycle sluggram@1.0.0~pretest: no script for pretest, continuing
7 info lifecycle sluggram@1.0.0~test: sluggram@1.0.0
8 verbose lifecycle sluggram@1.0.0~test: unsafe-perm in lifecycle true
9 verbose lifecycle sluggram@1.0.0~test: PATH: /Users/kpryzk/.nvm/versions/node/v6.11.4/lib/node_modules/npm/bin/node-gyp-bin:/Users/kpryzk/codefellows/401/labs/33-photo-uploads/lab-katherine/sluggram-backend/node_modules/.bin:/Users/kpryzk/.nvm/versions/node/v6.11.4/bin:/usr/local/bin:/usr/bin:/bin:/usr/sbin:/sbin
10 verbose lifecycle sluggram@1.0.0~test: CWD: /Users/kpryzk/codefellows/401/labs/33-photo-uploads/lab-katherine/sluggram-backend
11 silly lifecycle sluggram@1.0.0~test: Args: [ '-c', 'jest --runInBand' ]
12 silly lifecycle sluggram@1.0.0~test: Returned: code: 1  signal: null
13 info lifecycle sluggram@1.0.0~test: Failed to exec test script
14 verbose stack Error: sluggram@1.0.0 test: `jest --runInBand`
14 verbose stack Exit status 1
14 verbose stack     at EventEmitter.<anonymous> (/Users/kpryzk/.nvm/versions/node/v6.11.4/lib/node_modules/npm/lib/utils/lifecycle.js:255:16)
14 verbose stack     at emitTwo (events.js:106:13)
14 verbose stack     at EventEmitter.emit (events.js:191:7)
14 verbose stack     at ChildProcess.<anonymous> (/Users/kpryzk/.nvm/versions/node/v6.11.4/lib/node_modules/npm/lib/utils/spawn.js:40:14)
14 verbose stack     at emitTwo (events.js:106:13)
14 verbose stack     at ChildProcess.emit (events.js:191:7)
14 verbose stack     at maybeClose (internal/child_process.js:920:16)
14 verbose stack     at Process.ChildProcess._handle.onexit (internal/child_process.js:230:5)
15 verbose pkgid sluggram@1.0.0
16 verbose cwd /Users/kpryzk/codefellows/401/labs/33-photo-uploads/lab-katherine/sluggram-backend
17 error Darwin 16.7.0
18 error argv "/Users/kpryzk/.nvm/versions/node/v6.11.4/bin/node" "/Users/kpryzk/.nvm/versions/node/v6.11.4/bin/npm" "run" "test"
19 error node v6.11.4
20 error npm  v3.10.10
21 error code ELIFECYCLE
22 error sluggram@1.0.0 test: `jest --runInBand`
22 error Exit status 1
23 error Failed at the sluggram@1.0.0 test script 'jest --runInBand'.
23 error Make sure you have the latest version of node.js and npm installed.
23 error If you do, this is most likely a problem with the sluggram package,
23 error not with npm itself.
23 error Tell the author that this fails on your system:
23 error     jest --runInBand
23 error You can get information on how to open an issue for this project with:
23 error     npm bugs sluggram
23 error Or if that isn't available, you can get their info via:
23 error     npm owner ls sluggram
23 error There is likely additional logging output above.
24 verbose exit [ 1, true ]
